{
  "stats": {
    "suites": 1,
    "tests": 1,
    "passes": 1,
    "pending": 0,
    "failures": 0,
    "start": "2024-02-09T06:18:58.687Z",
    "end": "2024-02-09T06:19:08.093Z",
    "duration": 9406,
    "testsRegistered": 1,
    "passPercent": 100,
    "pendingPercent": 0,
    "other": 0,
    "hasOther": false,
    "skipped": 0,
    "hasSkipped": false
  },
  "results": [
    {
      "uuid": "91467da9-0196-4acb-86fb-2a80ac3ebc04",
      "title": "",
      "fullFile": "cypress\\e2e\\1-getting-started\\EntryAd.cy.js",
      "file": "cypress\\e2e\\1-getting-started\\EntryAd.cy.js",
      "beforeHooks": [],
      "afterHooks": [],
      "tests": [],
      "suites": [
        {
          "uuid": "12fd8dc2-4c33-455d-850f-3607f0975566",
          "title": "Verify advertisement",
          "fullFile": "",
          "file": "",
          "beforeHooks": [],
          "afterHooks": [],
          "tests": [
            {
              "title": "verify to close the advertisement",
              "fullTitle": "Verify advertisement verify to close the advertisement",
              "timedOut": null,
              "duration": 6492,
              "state": "passed",
              "speed": "medium",
              "pass": true,
              "fail": false,
              "pending": false,
              "context": "{\n  \"title\": \"cypress-mochawesome-reporter-videos-passed\",\n  \"value\": \"cypress\\\\e2e\\\\1-getting-started\\\\EntryAd.cy.js\"\n}",
              "code": "cy.visit(\"http://the-internet.herokuapp.com/entry_ad\");\ncy.get(\"div[class='modal-footer'] p\").click();\ncy.get(\"#restart-ad\").click();\ncy.get(\"div[class='modal-footer'] p\").click();",
              "err": {},
              "uuid": "32381738-9871-471b-b77b-2bb70bd20074",
              "parentUUID": "12fd8dc2-4c33-455d-850f-3607f0975566",
              "isHook": false,
              "skipped": false
            }
          ],
          "suites": [],
          "passes": [
            "32381738-9871-471b-b77b-2bb70bd20074"
          ],
          "failures": [],
          "pending": [],
          "skipped": [],
          "duration": 6492,
          "root": false,
          "rootEmpty": false,
          "_timeout": 2000
        }
      ],
      "passes": [],
      "failures": [],
      "pending": [],
      "skipped": [],
      "duration": 0,
      "root": true,
      "rootEmpty": true,
      "_timeout": 2000
    }
  ],
  "meta": {
    "mocha": {
      "version": "7.0.1"
    },
    "mochawesome": {
      "options": {
        "quiet": false,
        "reportFilename": "mochawesome",
        "saveHtml": false,
        "saveJson": true,
        "consoleReporter": "spec",
        "useInlineDiffs": false,
        "code": true
      },
      "version": "7.1.3"
    },
    "marge": {
      "options": {
        "reportDir": "cypress\\results\\09-02-2024\\11_44_09\\.jsons",
        "overwrite": false,
        "html": false,
        "json": true
      },
      "version": "6.2.0"
    }
  }
}