{
  "stats": {
    "suites": 1,
    "tests": 1,
    "passes": 1,
    "pending": 0,
    "failures": 0,
    "start": "2024-02-09T06:14:18.948Z",
    "end": "2024-02-09T06:14:44.553Z",
    "duration": 25605,
    "testsRegistered": 1,
    "passPercent": 100,
    "pendingPercent": 0,
    "other": 0,
    "hasOther": false,
    "skipped": 0,
    "hasSkipped": false
  },
  "results": [
    {
      "uuid": "a7e4691f-bfa6-4024-9930-b2717bab6325",
      "title": "",
      "fullFile": "cypress\\e2e\\1-getting-started\\addimage.cy.js",
      "file": "cypress\\e2e\\1-getting-started\\addimage.cy.js",
      "beforeHooks": [],
      "afterHooks": [],
      "tests": [],
      "suites": [
        {
          "uuid": "c5418c0b-1f1e-46d5-8c4b-023460e8759f",
          "title": "My serach",
          "fullFile": "",
          "file": "",
          "beforeHooks": [],
          "afterHooks": [],
          "tests": [
            {
              "title": "Visit dynamicloading page",
              "fullTitle": "My serach Visit dynamicloading page",
              "timedOut": null,
              "duration": 20855,
              "state": "passed",
              "speed": "slow",
              "pass": true,
              "fail": false,
              "pending": false,
              "context": "{\n  \"title\": \"cypress-mochawesome-reporter-videos-passed\",\n  \"value\": \"cypress\\\\e2e\\\\1-getting-started\\\\addimage.cy.js\"\n}",
              "code": "cy.visit(\"http://130.198.92.24/heaterdb/\");\ncy.get('#inputEmail3').type('ajithkr0214@gmail.com');\ncy.get('#inputPassword3').type('eoxys@123');\ncy.get('#loginForm > .btn').click();\n//goto profile\ncy.get(':nth-child(2) > .nav-link').click();\ncy.get('.text-right > .btn').click();\ncy.scrollTo(300, 0);\n//cy.get('img.rounded-circle').click({ multiple: true });\ncy.get('div.navbar-collapse-header.d-md-none').invoke('removeAttr', 'style');\n// cy.get('img[alt=\"profile pic\"].rounded-circle.img-style-min').wait(30000).click()\ncy.get('input[type=file]').attachFile('test.png', {\n  force: true\n});\ncy.get('.text-right > .btn').click();\ncy.xpath(\"(//div[@role='alertdialog'])[1]\").should('have.text', 'User Details Updated Successfully');\n//cy.get('#toast-container').should('contain', /User Details Updated Successfully/);\n//cy.get('#toast-container').should('have.text','User Details Updated Successfully')\n//cy.get(\"#toast-container\").each((event)=> { \n//console.log(\"eventsss\",event)",
              "err": {},
              "uuid": "2f14c932-7785-4fb9-a729-e1ff1235b804",
              "parentUUID": "c5418c0b-1f1e-46d5-8c4b-023460e8759f",
              "isHook": false,
              "skipped": false
            }
          ],
          "suites": [],
          "passes": [
            "2f14c932-7785-4fb9-a729-e1ff1235b804"
          ],
          "failures": [],
          "pending": [],
          "skipped": [],
          "duration": 20855,
          "root": false,
          "rootEmpty": false,
          "_timeout": 2000
        }
      ],
      "passes": [],
      "failures": [],
      "pending": [],
      "skipped": [],
      "duration": 0,
      "root": true,
      "rootEmpty": true,
      "_timeout": 2000
    }
  ],
  "meta": {
    "mocha": {
      "version": "7.0.1"
    },
    "mochawesome": {
      "options": {
        "quiet": false,
        "reportFilename": "mochawesome",
        "saveHtml": false,
        "saveJson": true,
        "consoleReporter": "spec",
        "useInlineDiffs": false,
        "code": true
      },
      "version": "7.1.3"
    },
    "marge": {
      "options": {
        "reportDir": "cypress\\results\\09-02-2024\\11_44_09\\.jsons",
        "overwrite": false,
        "html": false,
        "json": true
      },
      "version": "6.2.0"
    }
  }
}