{
  "stats": {
    "suites": 1,
    "tests": 1,
    "passes": 1,
    "pending": 0,
    "failures": 0,
    "start": "2024-02-09T06:14:48.916Z",
    "end": "2024-02-09T06:14:55.983Z",
    "duration": 7067,
    "testsRegistered": 1,
    "passPercent": 100,
    "pendingPercent": 0,
    "other": 0,
    "hasOther": false,
    "skipped": 0,
    "hasSkipped": false
  },
  "results": [
    {
      "uuid": "3139a9c4-6be0-422c-9fee-f165a477f293",
      "title": "",
      "fullFile": "cypress\\e2e\\1-getting-started\\Add_remove_element.cy.js",
      "file": "cypress\\e2e\\1-getting-started\\Add_remove_element.cy.js",
      "beforeHooks": [],
      "afterHooks": [],
      "tests": [],
      "suites": [
        {
          "uuid": "b5f3ac0f-5a9a-4c33-ad52-3f526c224490",
          "title": "Add and Remove the elements",
          "fullFile": "",
          "file": "",
          "beforeHooks": [],
          "afterHooks": [],
          "tests": [
            {
              "title": "Visit the page",
              "fullTitle": "Add and Remove the elements Visit the page",
              "timedOut": null,
              "duration": 2903,
              "state": "passed",
              "speed": "fast",
              "pass": true,
              "fail": false,
              "pending": false,
              "context": "{\n  \"title\": \"cypress-mochawesome-reporter-videos-passed\",\n  \"value\": \"cypress\\\\e2e\\\\1-getting-started\\\\Add_remove_element.cy.js\"\n}",
              "code": "cy.visit(\"http://the-internet.herokuapp.com/add_remove_elements/\");\ncy.get(\"button[onclick='addElement()']\").click();\ncy.get(\".added-manually\").click();",
              "err": {},
              "uuid": "4126e0b0-89ae-414c-9c06-9fdfe3f8678b",
              "parentUUID": "b5f3ac0f-5a9a-4c33-ad52-3f526c224490",
              "isHook": false,
              "skipped": false
            }
          ],
          "suites": [],
          "passes": [
            "4126e0b0-89ae-414c-9c06-9fdfe3f8678b"
          ],
          "failures": [],
          "pending": [],
          "skipped": [],
          "duration": 2903,
          "root": false,
          "rootEmpty": false,
          "_timeout": 2000
        }
      ],
      "passes": [],
      "failures": [],
      "pending": [],
      "skipped": [],
      "duration": 0,
      "root": true,
      "rootEmpty": true,
      "_timeout": 2000
    }
  ],
  "meta": {
    "mocha": {
      "version": "7.0.1"
    },
    "mochawesome": {
      "options": {
        "quiet": false,
        "reportFilename": "mochawesome",
        "saveHtml": false,
        "saveJson": true,
        "consoleReporter": "spec",
        "useInlineDiffs": false,
        "code": true
      },
      "version": "7.1.3"
    },
    "marge": {
      "options": {
        "reportDir": "cypress\\results\\09-02-2024\\11_44_09\\.jsons",
        "overwrite": false,
        "html": false,
        "json": true
      },
      "version": "6.2.0"
    }
  }
}