{
  "stats": {
    "suites": 1,
    "tests": 1,
    "passes": 1,
    "pending": 0,
    "failures": 0,
    "start": "2024-02-09T06:16:25.404Z",
    "end": "2024-02-09T06:16:31.162Z",
    "duration": 5758,
    "testsRegistered": 1,
    "passPercent": 100,
    "pendingPercent": 0,
    "other": 0,
    "hasOther": false,
    "skipped": 0,
    "hasSkipped": false
  },
  "results": [
    {
      "uuid": "c2cd68d8-5809-4e73-abb4-e2f5ac50c7bf",
      "title": "",
      "fullFile": "cypress\\e2e\\1-getting-started\\Drag_Drop.cy.js",
      "file": "cypress\\e2e\\1-getting-started\\Drag_Drop.cy.js",
      "beforeHooks": [],
      "afterHooks": [],
      "tests": [],
      "suites": [
        {
          "uuid": "01ca146a-5b92-48af-ab67-dc3324180a5a",
          "title": "Drag and Drop",
          "fullFile": "",
          "file": "",
          "beforeHooks": [],
          "afterHooks": [],
          "tests": [
            {
              "title": "Drag A element to B",
              "fullTitle": "Drag and Drop Drag A element to B",
              "timedOut": null,
              "duration": 2716,
              "state": "passed",
              "speed": "fast",
              "pass": true,
              "fail": false,
              "pending": false,
              "context": "{\n  \"title\": \"cypress-mochawesome-reporter-videos-passed\",\n  \"value\": \"cypress\\\\e2e\\\\1-getting-started\\\\Drag_Drop.cy.js\"\n}",
              "code": "cy.visit(\"http://the-internet.herokuapp.com/drag_and_drop\");\nconst dataTransfer = new DataTransfer();\ncy.get(\"#column-a\").trigger('dragstart', {\n  dataTransfer\n});\ncy.get(\"#column-b\").trigger('drop', {\n  dataTransfer\n});",
              "err": {},
              "uuid": "98351500-4694-46a9-b44f-da981c330272",
              "parentUUID": "01ca146a-5b92-48af-ab67-dc3324180a5a",
              "isHook": false,
              "skipped": false
            }
          ],
          "suites": [],
          "passes": [
            "98351500-4694-46a9-b44f-da981c330272"
          ],
          "failures": [],
          "pending": [],
          "skipped": [],
          "duration": 2716,
          "root": false,
          "rootEmpty": false,
          "_timeout": 2000
        }
      ],
      "passes": [],
      "failures": [],
      "pending": [],
      "skipped": [],
      "duration": 0,
      "root": true,
      "rootEmpty": true,
      "_timeout": 2000
    }
  ],
  "meta": {
    "mocha": {
      "version": "7.0.1"
    },
    "mochawesome": {
      "options": {
        "quiet": false,
        "reportFilename": "mochawesome",
        "saveHtml": false,
        "saveJson": true,
        "consoleReporter": "spec",
        "useInlineDiffs": false,
        "code": true
      },
      "version": "7.1.3"
    },
    "marge": {
      "options": {
        "reportDir": "cypress\\results\\09-02-2024\\11_44_09\\.jsons",
        "overwrite": false,
        "html": false,
        "json": true
      },
      "version": "6.2.0"
    }
  }
}