{
  "stats": {
    "suites": 2,
    "tests": 2,
    "passes": 2,
    "pending": 0,
    "failures": 0,
    "start": "2024-02-09T06:17:10.317Z",
    "end": "2024-02-09T06:17:23.980Z",
    "duration": 13663,
    "testsRegistered": 2,
    "passPercent": 100,
    "pendingPercent": 0,
    "other": 0,
    "hasOther": false,
    "skipped": 0,
    "hasSkipped": false
  },
  "results": [
    {
      "uuid": "1a7a3492-cc7d-4bcd-bc8d-9f634d3f7131",
      "title": "",
      "fullFile": "cypress\\e2e\\1-getting-started\\Dynamic Controls.cy.js",
      "file": "cypress\\e2e\\1-getting-started\\Dynamic Controls.cy.js",
      "beforeHooks": [],
      "afterHooks": [],
      "tests": [],
      "suites": [
        {
          "uuid": "0a04521c-d78f-4b60-9783-4e455d49484b",
          "title": "My first script",
          "fullFile": "",
          "file": "",
          "beforeHooks": [],
          "afterHooks": [],
          "tests": [
            {
              "title": "Visit dynamic control page",
              "fullTitle": "My first script Visit dynamic control page",
              "timedOut": null,
              "duration": 5834,
              "state": "passed",
              "speed": "medium",
              "pass": true,
              "fail": false,
              "pending": false,
              "context": "{\n  \"title\": \"cypress-mochawesome-reporter-videos-passed\",\n  \"value\": \"cypress\\\\e2e\\\\1-getting-started\\\\Dynamic Controls.cy.js\"\n}",
              "code": "cy.visit(\"http://the-internet.herokuapp.com/dynamic_controls\");\ncy.get(\"input[type='checkbox']\").check().get(\"button[onclick='swapCheckbox()']\").click().get(\"button[onclick='swapCheckbox()']\").click();",
              "err": {},
              "uuid": "bd26f3fb-a77e-489e-895a-612761322114",
              "parentUUID": "0a04521c-d78f-4b60-9783-4e455d49484b",
              "isHook": false,
              "skipped": false
            }
          ],
          "suites": [],
          "passes": [
            "bd26f3fb-a77e-489e-895a-612761322114"
          ],
          "failures": [],
          "pending": [],
          "skipped": [],
          "duration": 5834,
          "root": false,
          "rootEmpty": false,
          "_timeout": 2000
        },
        {
          "uuid": "a3e049b8-f35b-4d62-badf-2ade5d0af68d",
          "title": "My second script",
          "fullFile": "",
          "file": "",
          "beforeHooks": [],
          "afterHooks": [],
          "tests": [
            {
              "title": "Visit Enable disable page",
              "fullTitle": "My second script Visit Enable disable page",
              "timedOut": null,
              "duration": 4481,
              "state": "passed",
              "speed": "fast",
              "pass": true,
              "fail": false,
              "pending": false,
              "context": "{\n  \"title\": \"cypress-mochawesome-reporter-videos-passed\",\n  \"value\": \"cypress\\\\e2e\\\\1-getting-started\\\\Dynamic Controls.cy.js\"\n}",
              "code": "cy.visit(\"http://the-internet.herokuapp.com/dynamic_controls\");\ncy.get(\"button[onclick='swapInput()']\").click();\ncy.get(\"input[type='text']\").click().type('Welcome');\ncy.get(\"button[onclick='swapInput()']\").click();",
              "err": {},
              "uuid": "f343216b-8ee5-42c6-8748-77ddc4bbc193",
              "parentUUID": "a3e049b8-f35b-4d62-badf-2ade5d0af68d",
              "isHook": false,
              "skipped": false
            }
          ],
          "suites": [],
          "passes": [
            "f343216b-8ee5-42c6-8748-77ddc4bbc193"
          ],
          "failures": [],
          "pending": [],
          "skipped": [],
          "duration": 4481,
          "root": false,
          "rootEmpty": false,
          "_timeout": 2000
        }
      ],
      "passes": [],
      "failures": [],
      "pending": [],
      "skipped": [],
      "duration": 0,
      "root": true,
      "rootEmpty": true,
      "_timeout": 2000
    }
  ],
  "meta": {
    "mocha": {
      "version": "7.0.1"
    },
    "mochawesome": {
      "options": {
        "quiet": false,
        "reportFilename": "mochawesome",
        "saveHtml": false,
        "saveJson": true,
        "consoleReporter": "spec",
        "useInlineDiffs": false,
        "code": true
      },
      "version": "7.1.3"
    },
    "marge": {
      "options": {
        "reportDir": "cypress\\results\\09-02-2024\\11_44_09\\.jsons",
        "overwrite": false,
        "html": false,
        "json": true
      },
      "version": "6.2.0"
    }
  }
}