{
  "stats": {
    "suites": 1,
    "tests": 1,
    "passes": 0,
    "pending": 0,
    "failures": 1,
    "start": "2024-02-09T06:19:55.226Z",
    "end": "2024-02-09T06:20:05.281Z",
    "duration": 10055,
    "testsRegistered": 1,
    "passPercent": 0,
    "pendingPercent": 0,
    "other": 0,
    "hasOther": false,
    "skipped": 0,
    "hasSkipped": false
  },
  "results": [
    {
      "uuid": "dbc66001-d6bd-495f-87ac-f8542bcd240a",
      "title": "",
      "fullFile": "cypress\\e2e\\1-getting-started\\hover.cy.js",
      "file": "cypress\\e2e\\1-getting-started\\hover.cy.js",
      "beforeHooks": [],
      "afterHooks": [],
      "tests": [],
      "suites": [
        {
          "uuid": "2838c7dd-9f2c-4a5b-8b74-6f35c59a764b",
          "title": "verify the mouse hovering",
          "fullFile": "",
          "file": "",
          "beforeHooks": [],
          "afterHooks": [],
          "tests": [
            {
              "title": "verify to hover the mouse hover",
              "fullTitle": "verify the mouse hovering verify to hover the mouse hover",
              "timedOut": null,
              "duration": 7198,
              "state": "failed",
              "speed": null,
              "pass": false,
              "fail": true,
              "pending": false,
              "context": "[\n  {\n    \"title\": \"cypress-mochawesome-reporter-videos-failed\",\n    \"value\": \"cypress\\\\e2e\\\\1-getting-started\\\\hover.cy.js\"\n  },\n  {\n    \"title\": \"cypress-mochawesome-reporter-screenshots\",\n    \"value\": [\n      [\n        \"\\\\hover.cy.js\\\\verify the mouse hovering -- verify to hover the mouse hover (failed) (1).png\"\n      ]\n    ]\n  }\n]",
              "code": "cy.visit(\"http://the-internet.herokuapp.com/hovers\");\ncy.xpath(\"a[href='/users/1']\").trigger('mouseover');",
              "err": {
                "message": "AssertionError: Timed out retrying after 4000ms: Expected to find element: `a[href='/users/1']`, but never found it.",
                "estack": "AssertionError: Timed out retrying after 4000ms: Expected to find element: `a[href='/users/1']`, but never found it.\n    at Context.eval (webpack://automation/./cypress/e2e/1-getting-started/hover.cy.js:6:11)",
                "diff": null
              },
              "uuid": "8d15572d-bdd1-4b39-a15d-fa9b435a8ae8",
              "parentUUID": "2838c7dd-9f2c-4a5b-8b74-6f35c59a764b",
              "isHook": false,
              "skipped": false
            }
          ],
          "suites": [],
          "passes": [],
          "failures": [
            "8d15572d-bdd1-4b39-a15d-fa9b435a8ae8"
          ],
          "pending": [],
          "skipped": [],
          "duration": 7198,
          "root": false,
          "rootEmpty": false,
          "_timeout": 2000
        }
      ],
      "passes": [],
      "failures": [],
      "pending": [],
      "skipped": [],
      "duration": 0,
      "root": true,
      "rootEmpty": true,
      "_timeout": 2000
    }
  ],
  "meta": {
    "mocha": {
      "version": "7.0.1"
    },
    "mochawesome": {
      "options": {
        "quiet": false,
        "reportFilename": "mochawesome",
        "saveHtml": false,
        "saveJson": true,
        "consoleReporter": "spec",
        "useInlineDiffs": false,
        "code": true
      },
      "version": "7.1.3"
    },
    "marge": {
      "options": {
        "reportDir": "cypress\\results\\09-02-2024\\11_44_09\\.jsons",
        "overwrite": false,
        "html": false,
        "json": true
      },
      "version": "6.2.0"
    }
  }
}