{
  "stats": {
    "suites": 1,
    "tests": 1,
    "passes": 1,
    "pending": 0,
    "failures": 0,
    "start": "2024-02-09T06:20:21.324Z",
    "end": "2024-02-09T06:20:27.118Z",
    "duration": 5794,
    "testsRegistered": 1,
    "passPercent": 100,
    "pendingPercent": 0,
    "other": 0,
    "hasOther": false,
    "skipped": 0,
    "hasSkipped": false
  },
  "results": [
    {
      "uuid": "568114c2-4e9e-448a-b85b-9591ddff8129",
      "title": "",
      "fullFile": "cypress\\e2e\\1-getting-started\\input.cy.js",
      "file": "cypress\\e2e\\1-getting-started\\input.cy.js",
      "beforeHooks": [],
      "afterHooks": [],
      "tests": [],
      "suites": [
        {
          "uuid": "06aefedf-77c2-4bfa-8519-810548bf723d",
          "title": "Verify advertisement",
          "fullFile": "",
          "file": "",
          "beforeHooks": [],
          "afterHooks": [],
          "tests": [
            {
              "title": "verify to close the advertisement",
              "fullTitle": "Verify advertisement verify to close the advertisement",
              "timedOut": null,
              "duration": 3152,
              "state": "passed",
              "speed": "fast",
              "pass": true,
              "fail": false,
              "pending": false,
              "context": "{\n  \"title\": \"cypress-mochawesome-reporter-videos-passed\",\n  \"value\": \"cypress\\\\e2e\\\\1-getting-started\\\\input.cy.js\"\n}",
              "code": "cy.visit(\"http://the-internet.herokuapp.com/inputs\");\ncy.get(\"input[type='number']\").click().type('1');",
              "err": {},
              "uuid": "04e2fd60-0adc-406e-bcbe-53638326ee9c",
              "parentUUID": "06aefedf-77c2-4bfa-8519-810548bf723d",
              "isHook": false,
              "skipped": false
            }
          ],
          "suites": [],
          "passes": [
            "04e2fd60-0adc-406e-bcbe-53638326ee9c"
          ],
          "failures": [],
          "pending": [],
          "skipped": [],
          "duration": 3152,
          "root": false,
          "rootEmpty": false,
          "_timeout": 2000
        }
      ],
      "passes": [],
      "failures": [],
      "pending": [],
      "skipped": [],
      "duration": 0,
      "root": true,
      "rootEmpty": true,
      "_timeout": 2000
    }
  ],
  "meta": {
    "mocha": {
      "version": "7.0.1"
    },
    "mochawesome": {
      "options": {
        "quiet": false,
        "reportFilename": "mochawesome",
        "saveHtml": false,
        "saveJson": true,
        "consoleReporter": "spec",
        "useInlineDiffs": false,
        "code": true
      },
      "version": "7.1.3"
    },
    "marge": {
      "options": {
        "reportDir": "cypress\\results\\09-02-2024\\11_44_09\\.jsons",
        "overwrite": false,
        "html": false,
        "json": true
      },
      "version": "6.2.0"
    }
  }
}