{
  "stats": {
    "suites": 1,
    "tests": 1,
    "passes": 1,
    "pending": 0,
    "failures": 0,
    "start": "2024-02-09T06:16:48.588Z",
    "end": "2024-02-09T06:17:06.197Z",
    "duration": 17609,
    "testsRegistered": 1,
    "passPercent": 100,
    "pendingPercent": 0,
    "other": 0,
    "hasOther": false,
    "skipped": 0,
    "hasSkipped": false
  },
  "results": [
    {
      "uuid": "daef6039-870e-4e7d-956f-f8a2655079b8",
      "title": "",
      "fullFile": "cypress\\e2e\\1-getting-started\\Drop_down.cy.js",
      "file": "cypress\\e2e\\1-getting-started\\Drop_down.cy.js",
      "beforeHooks": [],
      "afterHooks": [],
      "tests": [],
      "suites": [
        {
          "uuid": "97b9df1b-9178-4222-bf9a-e49cb0f8bb06",
          "title": "My first script",
          "fullFile": "",
          "file": "",
          "beforeHooks": [],
          "afterHooks": [],
          "tests": [
            {
              "title": "Visit dynamicloading page",
              "fullTitle": "My first script Visit dynamicloading page",
              "timedOut": null,
              "duration": 14549,
              "state": "passed",
              "speed": "slow",
              "pass": true,
              "fail": false,
              "pending": false,
              "context": "{\n  \"title\": \"cypress-mochawesome-reporter-videos-passed\",\n  \"value\": \"cypress\\\\e2e\\\\1-getting-started\\\\Drop_down.cy.js\"\n}",
              "code": "cy.visit(\"https://www.w3schools.com/\");\ncy.get(\"#tnb-google-search-input\").type(\"Python\").type('{downArrow}').type('{downArrow}').type('{downArrow}').type('{enter}');",
              "err": {},
              "uuid": "20252f0c-126d-45cd-b7b5-914a80ff2083",
              "parentUUID": "97b9df1b-9178-4222-bf9a-e49cb0f8bb06",
              "isHook": false,
              "skipped": false
            }
          ],
          "suites": [],
          "passes": [
            "20252f0c-126d-45cd-b7b5-914a80ff2083"
          ],
          "failures": [],
          "pending": [],
          "skipped": [],
          "duration": 14549,
          "root": false,
          "rootEmpty": false,
          "_timeout": 2000
        }
      ],
      "passes": [],
      "failures": [],
      "pending": [],
      "skipped": [],
      "duration": 0,
      "root": true,
      "rootEmpty": true,
      "_timeout": 2000
    }
  ],
  "meta": {
    "mocha": {
      "version": "7.0.1"
    },
    "mochawesome": {
      "options": {
        "quiet": false,
        "reportFilename": "mochawesome",
        "saveHtml": false,
        "saveJson": true,
        "consoleReporter": "spec",
        "useInlineDiffs": false,
        "code": true
      },
      "version": "7.1.3"
    },
    "marge": {
      "options": {
        "reportDir": "cypress\\results\\09-02-2024\\11_44_09\\.jsons",
        "overwrite": false,
        "html": false,
        "json": true
      },
      "version": "6.2.0"
    }
  }
}