{
  "stats": {
    "suites": 1,
    "tests": 1,
    "passes": 0,
    "pending": 0,
    "failures": 1,
    "start": "2024-02-09T06:18:43.191Z",
    "end": "2024-02-09T06:18:54.737Z",
    "duration": 11546,
    "testsRegistered": 1,
    "passPercent": 0,
    "pendingPercent": 0,
    "other": 0,
    "hasOther": false,
    "skipped": 0,
    "hasSkipped": false
  },
  "results": [
    {
      "uuid": "b8ded551-c985-4e8a-b59d-4303a11aed55",
      "title": "",
      "fullFile": "cypress\\e2e\\1-getting-started\\ecommerce.cy.js",
      "file": "cypress\\e2e\\1-getting-started\\ecommerce.cy.js",
      "beforeHooks": [],
      "afterHooks": [],
      "tests": [],
      "suites": [
        {
          "uuid": "d731b9ff-590c-4ce1-a2a1-df35fd98973a",
          "title": "Locating Elements",
          "fullFile": "",
          "file": "",
          "beforeHooks": [],
          "afterHooks": [],
          "tests": [
            {
              "title": "verify types of locators",
              "fullTitle": "Locating Elements verify types of locators",
              "timedOut": null,
              "duration": 7769,
              "state": "failed",
              "speed": null,
              "pass": false,
              "fail": true,
              "pending": false,
              "context": "[\n  {\n    \"title\": \"cypress-mochawesome-reporter-videos-failed\",\n    \"value\": \"cypress\\\\e2e\\\\1-getting-started\\\\ecommerce.cy.js\"\n  },\n  {\n    \"title\": \"cypress-mochawesome-reporter-screenshots\",\n    \"value\": [\n      [\n        \"\\\\ecommerce.cy.js\\\\Locating Elements -- verify types of locators (failed) (2).png\"\n      ]\n    ]\n  }\n]",
              "code": "cy.visit(\"https://demo.nopcommerce.com/\");\ncy.get(\"#small-searchterms\").type(\"Apple MacBook Pro 13-inch\").click();\ncy.get(\"button[type='submit']\").click();\ncy.xpath(\"(//button[@id='add-to-cart-button-4'])[1]\").click();",
              "err": {
                "message": "AssertionError: Timed out retrying after 4000ms: Expected to find element: `(//button[@id='add-to-cart-button-4'])[1]`, but never found it.",
                "estack": "AssertionError: Timed out retrying after 4000ms: Expected to find element: `(//button[@id='add-to-cart-button-4'])[1]`, but never found it.\n    at Context.eval (webpack://automation/./cypress/e2e/1-getting-started/ecommerce.cy.js:9:11)",
                "diff": null
              },
              "uuid": "e7e61116-1ba9-4b94-8031-62cf8079bcbc",
              "parentUUID": "d731b9ff-590c-4ce1-a2a1-df35fd98973a",
              "isHook": false,
              "skipped": false
            }
          ],
          "suites": [],
          "passes": [],
          "failures": [
            "e7e61116-1ba9-4b94-8031-62cf8079bcbc"
          ],
          "pending": [],
          "skipped": [],
          "duration": 7769,
          "root": false,
          "rootEmpty": false,
          "_timeout": 2000
        }
      ],
      "passes": [],
      "failures": [],
      "pending": [],
      "skipped": [],
      "duration": 0,
      "root": true,
      "rootEmpty": true,
      "_timeout": 2000
    }
  ],
  "meta": {
    "mocha": {
      "version": "7.0.1"
    },
    "mochawesome": {
      "options": {
        "quiet": false,
        "reportFilename": "mochawesome",
        "saveHtml": false,
        "saveJson": true,
        "consoleReporter": "spec",
        "useInlineDiffs": false,
        "code": true
      },
      "version": "7.1.3"
    },
    "marge": {
      "options": {
        "reportDir": "cypress\\results\\09-02-2024\\11_44_09\\.jsons",
        "overwrite": false,
        "html": false,
        "json": true
      },
      "version": "6.2.0"
    }
  }
}