{
  "stats": {
    "suites": 1,
    "tests": 1,
    "passes": 1,
    "pending": 0,
    "failures": 0,
    "start": "2024-02-09T06:15:34.832Z",
    "end": "2024-02-09T06:15:40.593Z",
    "duration": 5761,
    "testsRegistered": 1,
    "passPercent": 100,
    "pendingPercent": 0,
    "other": 0,
    "hasOther": false,
    "skipped": 0,
    "hasSkipped": false
  },
  "results": [
    {
      "uuid": "46944df8-3b40-45ec-9726-66367f3f6252",
      "title": "",
      "fullFile": "cypress\\e2e\\1-getting-started\\Checkboxes.cy.js",
      "file": "cypress\\e2e\\1-getting-started\\Checkboxes.cy.js",
      "beforeHooks": [],
      "afterHooks": [],
      "tests": [],
      "suites": [
        {
          "uuid": "42f15041-7a0d-4ca9-a997-33ff574d48c5",
          "title": "My first script",
          "fullFile": "",
          "file": "",
          "beforeHooks": [],
          "afterHooks": [],
          "tests": [
            {
              "title": "Visit the login page",
              "fullTitle": "My first script Visit the login page",
              "timedOut": null,
              "duration": 2885,
              "state": "passed",
              "speed": "fast",
              "pass": true,
              "fail": false,
              "pending": false,
              "context": "{\n  \"title\": \"cypress-mochawesome-reporter-videos-passed\",\n  \"value\": \"cypress\\\\e2e\\\\1-getting-started\\\\Checkboxes.cy.js\"\n}",
              "code": "cy.visit(\"http://the-internet.herokuapp.com/checkboxes\");\ncy.get(\"input:nth-child(1)\").check();\ncy.xpath(\"(//input[@type='checkbox'])[2]\").uncheck();",
              "err": {},
              "uuid": "1ce75665-f272-474b-ab96-caacd663e1be",
              "parentUUID": "42f15041-7a0d-4ca9-a997-33ff574d48c5",
              "isHook": false,
              "skipped": false
            }
          ],
          "suites": [],
          "passes": [
            "1ce75665-f272-474b-ab96-caacd663e1be"
          ],
          "failures": [],
          "pending": [],
          "skipped": [],
          "duration": 2885,
          "root": false,
          "rootEmpty": false,
          "_timeout": 2000
        }
      ],
      "passes": [],
      "failures": [],
      "pending": [],
      "skipped": [],
      "duration": 0,
      "root": true,
      "rootEmpty": true,
      "_timeout": 2000
    }
  ],
  "meta": {
    "mocha": {
      "version": "7.0.1"
    },
    "mochawesome": {
      "options": {
        "quiet": false,
        "reportFilename": "mochawesome",
        "saveHtml": false,
        "saveJson": true,
        "consoleReporter": "spec",
        "useInlineDiffs": false,
        "code": true
      },
      "version": "7.1.3"
    },
    "marge": {
      "options": {
        "reportDir": "cypress\\results\\09-02-2024\\11_44_09\\.jsons",
        "overwrite": false,
        "html": false,
        "json": true
      },
      "version": "6.2.0"
    }
  }
}