{
  "stats": {
    "suites": 1,
    "tests": 1,
    "passes": 1,
    "pending": 0,
    "failures": 0,
    "start": "2024-02-09T06:16:35.571Z",
    "end": "2024-02-09T06:16:43.797Z",
    "duration": 8226,
    "testsRegistered": 1,
    "passPercent": 100,
    "pendingPercent": 0,
    "other": 0,
    "hasOther": false,
    "skipped": 0,
    "hasSkipped": false
  },
  "results": [
    {
      "uuid": "d17434aa-590d-49cc-bb45-4a76a09c5816",
      "title": "",
      "fullFile": "cypress\\e2e\\1-getting-started\\Dropdown.cy.js",
      "file": "cypress\\e2e\\1-getting-started\\Dropdown.cy.js",
      "beforeHooks": [],
      "afterHooks": [],
      "tests": [],
      "suites": [
        {
          "uuid": "b4fb504c-d603-4daa-9561-0721dc8e8e6b",
          "title": "Find search filters",
          "fullFile": "",
          "file": "",
          "beforeHooks": [],
          "afterHooks": [],
          "tests": [
            {
              "title": "find dynamic name as user types",
              "fullTitle": "Find search filters find dynamic name as user types",
              "timedOut": null,
              "duration": 5253,
              "state": "passed",
              "speed": "medium",
              "pass": true,
              "fail": false,
              "pending": false,
              "context": "{\n  \"title\": \"cypress-mochawesome-reporter-videos-passed\",\n  \"value\": \"cypress\\\\e2e\\\\1-getting-started\\\\Dropdown.cy.js\"\n}",
              "code": "cy.visit(\"https://opensource-demo.orangehrmlive.com/web/index.php/auth/login\");",
              "err": {},
              "uuid": "2a4c2c93-ab43-41f5-b3a5-5b355cef6915",
              "parentUUID": "b4fb504c-d603-4daa-9561-0721dc8e8e6b",
              "isHook": false,
              "skipped": false
            }
          ],
          "suites": [],
          "passes": [
            "2a4c2c93-ab43-41f5-b3a5-5b355cef6915"
          ],
          "failures": [],
          "pending": [],
          "skipped": [],
          "duration": 5253,
          "root": false,
          "rootEmpty": false,
          "_timeout": 2000
        }
      ],
      "passes": [],
      "failures": [],
      "pending": [],
      "skipped": [],
      "duration": 0,
      "root": true,
      "rootEmpty": true,
      "_timeout": 2000
    }
  ],
  "meta": {
    "mocha": {
      "version": "7.0.1"
    },
    "mochawesome": {
      "options": {
        "quiet": false,
        "reportFilename": "mochawesome",
        "saveHtml": false,
        "saveJson": true,
        "consoleReporter": "spec",
        "useInlineDiffs": false,
        "code": true
      },
      "version": "7.1.3"
    },
    "marge": {
      "options": {
        "reportDir": "cypress\\results\\09-02-2024\\11_44_09\\.jsons",
        "overwrite": false,
        "html": false,
        "json": true
      },
      "version": "6.2.0"
    }
  }
}