{
  "stats": {
    "suites": 1,
    "tests": 1,
    "passes": 0,
    "pending": 0,
    "failures": 1,
    "start": "2024-02-09T06:19:13.076Z",
    "end": "2024-02-09T06:19:22.594Z",
    "duration": 9518,
    "testsRegistered": 1,
    "passPercent": 0,
    "pendingPercent": 0,
    "other": 0,
    "hasOther": false,
    "skipped": 0,
    "hasSkipped": false
  },
  "results": [
    {
      "uuid": "ff43d7d5-f687-47a5-a0f9-5f145af20c91",
      "title": "",
      "fullFile": "cypress\\e2e\\1-getting-started\\FileDownload.cy.js",
      "file": "cypress\\e2e\\1-getting-started\\FileDownload.cy.js",
      "beforeHooks": [],
      "afterHooks": [],
      "tests": [],
      "suites": [
        {
          "uuid": "d2cf3069-0deb-41ee-a6a5-bf31b6e92501",
          "title": "My first script",
          "fullFile": "",
          "file": "",
          "beforeHooks": [],
          "afterHooks": [],
          "tests": [
            {
              "title": "Visit file downloading page",
              "fullTitle": "My first script Visit file downloading page",
              "timedOut": null,
              "duration": 6916,
              "state": "failed",
              "speed": null,
              "pass": false,
              "fail": true,
              "pending": false,
              "context": "[\n  {\n    \"title\": \"cypress-mochawesome-reporter-videos-failed\",\n    \"value\": \"cypress\\\\e2e\\\\1-getting-started\\\\FileDownload.cy.js\"\n  },\n  {\n    \"title\": \"cypress-mochawesome-reporter-screenshots\",\n    \"value\": [\n      [\n        \"\\\\FileDownload.cy.js\\\\My first script -- Visit file downloading page (failed) (2).png\"\n      ]\n    ]\n  }\n]",
              "code": "cy.visit(\"http://the-internet.herokuapp.com/download\");\ncy.get(\"a[href='download/F9E8BF9B-BD5F-4E59-A2AA-2DF5FB11D2F3.png']\").click();",
              "err": {
                "message": "AssertionError: Timed out retrying after 4000ms: Expected to find element: `a[href='download/F9E8BF9B-BD5F-4E59-A2AA-2DF5FB11D2F3.png']`, but never found it.",
                "estack": "AssertionError: Timed out retrying after 4000ms: Expected to find element: `a[href='download/F9E8BF9B-BD5F-4E59-A2AA-2DF5FB11D2F3.png']`, but never found it.\n    at Context.eval (webpack://automation/./cypress/e2e/1-getting-started/FileDownload.cy.js:4:11)",
                "diff": null
              },
              "uuid": "1e00dce1-530f-49d5-b912-978cd3411457",
              "parentUUID": "d2cf3069-0deb-41ee-a6a5-bf31b6e92501",
              "isHook": false,
              "skipped": false
            }
          ],
          "suites": [],
          "passes": [],
          "failures": [
            "1e00dce1-530f-49d5-b912-978cd3411457"
          ],
          "pending": [],
          "skipped": [],
          "duration": 6916,
          "root": false,
          "rootEmpty": false,
          "_timeout": 2000
        }
      ],
      "passes": [],
      "failures": [],
      "pending": [],
      "skipped": [],
      "duration": 0,
      "root": true,
      "rootEmpty": true,
      "_timeout": 2000
    }
  ],
  "meta": {
    "mocha": {
      "version": "7.0.1"
    },
    "mochawesome": {
      "options": {
        "quiet": false,
        "reportFilename": "mochawesome",
        "saveHtml": false,
        "saveJson": true,
        "consoleReporter": "spec",
        "useInlineDiffs": false,
        "code": true
      },
      "version": "7.1.3"
    },
    "marge": {
      "options": {
        "reportDir": "cypress\\results\\09-02-2024\\11_44_09\\.jsons",
        "overwrite": false,
        "html": false,
        "json": true
      },
      "version": "6.2.0"
    }
  }
}