{
  "stats": {
    "suites": 1,
    "tests": 1,
    "passes": 1,
    "pending": 0,
    "failures": 0,
    "start": "2024-02-09T06:15:45.059Z",
    "end": "2024-02-09T06:15:50.701Z",
    "duration": 5642,
    "testsRegistered": 1,
    "passPercent": 100,
    "pendingPercent": 0,
    "other": 0,
    "hasOther": false,
    "skipped": 0,
    "hasSkipped": false
  },
  "results": [
    {
      "uuid": "2e442ef3-6488-448c-984f-3b26ca85fe63",
      "title": "",
      "fullFile": "cypress\\e2e\\1-getting-started\\contextmenu.cy.js",
      "file": "cypress\\e2e\\1-getting-started\\contextmenu.cy.js",
      "beforeHooks": [],
      "afterHooks": [],
      "tests": [],
      "suites": [
        {
          "uuid": "268938ed-1175-463e-935e-ad07665080ad",
          "title": "My first script",
          "fullFile": "",
          "file": "",
          "beforeHooks": [],
          "afterHooks": [],
          "tests": [
            {
              "title": "Visit the login page",
              "fullTitle": "My first script Visit the login page",
              "timedOut": null,
              "duration": 3077,
              "state": "passed",
              "speed": "fast",
              "pass": true,
              "fail": false,
              "pending": false,
              "context": "{\n  \"title\": \"cypress-mochawesome-reporter-videos-passed\",\n  \"value\": \"cypress\\\\e2e\\\\1-getting-started\\\\contextmenu.cy.js\"\n}",
              "code": "cy.visit(\"http://the-internet.herokuapp.com/context_menu\");\ncy.get(\"#hot-spot\").rightclick();",
              "err": {},
              "uuid": "4ca90d3d-0eb3-4d9b-9270-323b7b258f81",
              "parentUUID": "268938ed-1175-463e-935e-ad07665080ad",
              "isHook": false,
              "skipped": false
            }
          ],
          "suites": [],
          "passes": [
            "4ca90d3d-0eb3-4d9b-9270-323b7b258f81"
          ],
          "failures": [],
          "pending": [],
          "skipped": [],
          "duration": 3077,
          "root": false,
          "rootEmpty": false,
          "_timeout": 2000
        }
      ],
      "passes": [],
      "failures": [],
      "pending": [],
      "skipped": [],
      "duration": 0,
      "root": true,
      "rootEmpty": true,
      "_timeout": 2000
    }
  ],
  "meta": {
    "mocha": {
      "version": "7.0.1"
    },
    "mochawesome": {
      "options": {
        "quiet": false,
        "reportFilename": "mochawesome",
        "saveHtml": false,
        "saveJson": true,
        "consoleReporter": "spec",
        "useInlineDiffs": false,
        "code": true
      },
      "version": "7.1.3"
    },
    "marge": {
      "options": {
        "reportDir": "cypress\\results\\09-02-2024\\11_44_09\\.jsons",
        "overwrite": false,
        "html": false,
        "json": true
      },
      "version": "6.2.0"
    }
  }
}